396.46099999919534:	{"globalClasses":["Array","Present","IEventNotify","Coroutine","Trigger","Item","Timer","Buff","Skill","Player","TriggerParamTable","TriggerEvent","Actor","ScreenPos","Target","EffectParam","EffectParamShared","YPR旋转","DataCache","Unit","Point"],"globalModules":["coroutine","_G","log","base"]}
1664.6601999998093:	Loaded 0 plugins
1665.5708000008017:	Parsing project settings
1672.4872999992222:	Transforming C:/Users/XD/Documents/project_bsyxt/ui/script/trigger_module_main_1.ts
1674.802899999544:	moduleName:
1674.80719999969:	busiyixiantu_5n1b
1675.370799999684:	exportScope:
1675.3747000005096:	true
1855.2468999996781:	Printing C:/Users/XD/Documents/project_bsyxt/ui/script/trigger_module_main_1.ts
1905.0095000006258:	Transforming C:/Users/XD/Documents/project_bsyxt/ui/script/trigger_module_main.ts
1907.1165999993682:	Printing C:/Users/XD/Documents/project_bsyxt/ui/script/trigger_module_main.ts
1910.1272999998182:	Transforming C:/Users/XD/Documents/project_bsyxt/ui/script/trigger_validator.ts
1910.7991000004113:	moduleName:
1910.86959999986:	validator
1911.3040999993682:	exportScope:
1911.3080000001937:	true
1968.2245000004768:	Printing C:/Users/XD/Documents/project_bsyxt/ui/script/trigger_validator.ts
1983.1360999997705:	Constructing emit plan
1984.1250999998301:	Resolving dependencies for C:/Users/XD/Documents/project_bsyxt/ui/script/trigger_module_main_1.ts
1985.1875:	Resolving dependencies for C:/Users/XD/Documents/project_bsyxt/ui/script/trigger_module_main.ts
1986.3606000002474:	Resolving "./trigger_module_main_1" from C:/Users/XD/Documents/project_bsyxt/ui/script/trigger_module_main.ts
1987.0901999995112:	Resolved ./trigger_module_main_1 to C:/Users/XD/Documents/project_bsyxt/ui/script/trigger_module_main_1.ts
1988.268899999559:	Resolving dependencies for C:/Users/XD/Documents/project_bsyxt/ui/script/trigger_validator.ts
1989.0606999993324:	Emitting output
1989.4410999994725:	Emitting C:/Users/XD/Documents/project_bsyxt/ui/script/trigger_module_main_1.lua
1991.240299999714:	Emitting C:/Users/XD/Documents/project_bsyxt/ui/script/trigger_module_main.lua
1992.4637000001967:	Emitting C:/Users/XD/Documents/project_bsyxt/ui/script/trigger_validator.lua
1993.7771000005305:	Emit finished!